<?xml version="1.0" encoding="UTF-8"?>
<testsuites>
  <testsuite name="JavaScript Tests" tests="0" failures="0" errors="0" time="0">
  </testsuite>
</testsuites>